TN:
SF:src\app.js
FN:14,(anonymous_0)
FNF:1
FNH:0
FNDA:0,(anonymous_0)
DA:1,1
DA:2,1
DA:5,1
DA:8,1
DA:11,1
DA:14,1
DA:15,0
DA:22,1
LF:8
LH:7
BRF:0
BRH:0
end_of_record
TN:
SF:src\controllers\productController.js
FN:3,(anonymous_0)
FN:9,(anonymous_1)
FN:27,(anonymous_2)
FNF:3
FNH:3
FNDA:1,(anonymous_0)
FNDA:3,(anonymous_1)
FNDA:2,(anonymous_2)
DA:1,1
DA:3,1
DA:4,1
DA:6,1
DA:9,1
DA:11,3
DA:13,3
DA:15,2
DA:19,1
DA:27,1
DA:29,2
DA:31,2
DA:33,1
DA:40,1
DA:48,1
LF:15
LH:15
BRF:0
BRH:0
end_of_record
TN:
SF:src\data\products.js
FNF:0
FNH:0
DA:1,2
DA:34,2
LF:2
LH:2
BRF:0
BRH:0
end_of_record
TN:
SF:src\routes\productRoutes.js
FNF:0
FNH:0
DA:1,1
DA:2,1
DA:4,1
DA:7,1
DA:10,1
DA:13,1
DA:15,1
LF:7
LH:7
BRF:0
BRH:0
end_of_record
TN:
SF:src\services\productService.js
FN:3,(anonymous_0)
FN:7,(anonymous_1)
FN:24,(anonymous_2)
FN:26,(anonymous_3)
FNF:4
FNH:4
FNDA:2,(anonymous_0)
FNDA:7,(anonymous_1)
FNDA:4,(anonymous_2)
FNDA:30,(anonymous_3)
DA:1,2
DA:3,2
DA:4,2
DA:7,2
DA:9,7
DA:10,3
DA:13,4
DA:19,4
DA:21,4
DA:24,2
DA:26,30
DA:28,4
DA:29,2
DA:32,2
DA:34,2
DA:37,2
LF:16
LH:16
BRDA:9,0,0,3
BRDA:9,0,1,4
BRDA:9,1,0,7
BRDA:9,1,1,5
BRDA:28,2,0,2
BRDA:28,2,1,2
BRF:6
BRH:6
end_of_record
